-------------------------------------------------------------------------------
Test set: TestSuite
-------------------------------------------------------------------------------
Tests run: 2, Failures: 1, Errors: 0, Skipped: 0, Time elapsed: 30.929 s <<< FAILURE! - in TestSuite
loginTest(com.practice.testcases.LoginTest)  Time elapsed: 2.699 s  <<< FAILURE!
java.lang.AssertionError: Login Test Failed
	at com.practice.testcases.LoginTest.loginTest(LoginTest.java:23)

